     1 00000000                                 ; hello_os
     2 00000000                                 ; TAB=4
     3 00000000                                 
     4  = 0000000A                              CYLS	EQU		10
     5 00000000                                 
     6                                          	ORG		0x7c00
     7 00007C00                                 
     8 00007C00 EB 4D                           	JMP		entry
     9 00007C02 90                              	DB		0x90
    10 00007C03 48 41 52 49 42 4F 54 45         	DB		"HARIBOTE"
    11 00007C0B 0200                            	DW		512
    12 00007C0D 01                              	DB		1
    13 00007C0E 0001                            	DW		1
    14 00007C10 02                              	DB		2
    15 00007C11 00E0                            	DW		224
    16 00007C13 0B40                            	DW		2880
    17 00007C15 F0                              	DB		0xf0
    18 00007C16 0009                            	DW		9
    19 00007C18 0012                            	DW		18
    20 00007C1A 0002                            	DW		2
    21 00007C1C 00000000                        	DD		0
    22 00007C20 00000B40                        	DD		2880
    23 00007C24 00 00 29                        	DB		0,0,0x29
    24 00007C27 FFFFFFFF                        	DD		0xffffffff
    25 00007C2B 48 41 52 49 42 4F 54 45 4F 53   	DB		"HARIBOTEOS"
    26 00007C35 46 41 54 31 32 20 20 20         	DB		"FAT12   "
    27 00007C3D 00 00 00 00 00 00 00 00 00 00   	RESB	18
       00007C47 00 00 00 00 00 00 00 00 
    28 00007C4F                                 
    29 00007C4F                                 	entry:
    30 00007C4F B8 0000                         			MOV		AX,0
    31 00007C52 8E D0                           			MOV		SS,AX
    32 00007C54 BC 7C00                         			MOV		SP,0x7c00
    33 00007C57 8E D8                           			MOV		DS,AX
    34 00007C59                                 
    35 00007C59 B8 0820                         			MOV		AX,0X0820
    36 00007C5C 8E C0                           			MOV		ES,AX
    37 00007C5E B5 00                           			MOV		CH,0
    38 00007C60 B6 00                           			MOV		DH,0
    39 00007C62 B1 02                           			MOV		CL,2
    40 00007C64                                 	readloop:
    41 00007C64 BE 0000                         			MOV		SI,0
    42 00007C67                                 	retry:
    43 00007C67 B4 02                           			MOV		AH,0x02
    44 00007C69 B0 01                           			MOV		AL,1
    45 00007C6B BB 0000                         			MOV		BX,0
    46 00007C6E B2 00                           			MOV		DL,0x00
    47 00007C70 CD 13                           			INT		0x13
    48 00007C72 73 10                           			JNC		next
    49 00007C74 83 C6 01                        			ADD		SI,1
    50 00007C77 83 FE 05                        			CMP		SI,5
    51 00007C7A 73 2E                           			JAE		error
    52 00007C7C B4 00                           			MOV		AH,0x00
    53 00007C7E B2 00                           			MOV		DL,0x00
    54 00007C80 CD 13                           			INT		0x13
    55 00007C82 EB E3                           			JMP		retry
    56 00007C84                                 next:
    57 00007C84 8C C0                           		MOV		AX,ES			
    58 00007C86 05 0020                         		ADD		AX,0x0020
    59 00007C89 8E C0                           		MOV		ES,AX			
    60 00007C8B 80 C1 01                        		ADD		CL,1			
    61 00007C8E 80 F9 12                        		CMP		CL,18			
    62 00007C91 76 D1                           		JBE		readloop		
    63 00007C93 B1 01                           		MOV		CL,1
    64 00007C95 80 C6 01                        		ADD		DH,1
    65 00007C98 80 FE 02                        		CMP		DH,2
    66 00007C9B 72 C7                           		JB		readloop		
    67 00007C9D B6 00                           		MOV		DH,0
    68 00007C9F 80 C5 01                        		ADD		CH,1
    69 00007CA2 80 FD 0A                        		CMP		CH,CYLS
    70 00007CA5 72 BD                           		JB		readloop		
    71 00007CA7                                 
    72 00007CA7                                 
    73 00007CA7                                 fin:
    74 00007CA7 F4                              		HLT						
    75 00007CA8 EB FD                           		JMP		fin				
    76 00007CAA                                 
    77 00007CAA                                 error:
    78 00007CAA BE 7CBF                         		MOV		SI,msg
    79 00007CAD                                 putloop:
    80 00007CAD 8A 04                           		MOV		AL,[SI]
    81 00007CAF 83 C6 01                        		ADD		SI,1			
    82 00007CB2 3C 00                           		CMP		AL,0
    83 00007CB4 74 F1                           		JE		fin
    84 00007CB6 B4 0E                           		MOV		AH,0x0e			
    85 00007CB8 BB 000F                         		MOV		BX,15			
    86 00007CBB CD 10                           		INT		0x10			
    87 00007CBD EB EE                           		JMP		putloop
    88 00007CBF                                 msg:
    89 00007CBF 0A 0A                           		DB		0x0a, 0x0a		
    90 00007CC1 6C 6F 61 64 20 65 72 72 6F 72   		DB		"load error"
    91 00007CCB 0A                              		DB		0x0a			
    92 00007CCC 00                              		DB		0
    93 00007CCD                                 
    94 00007CCD 00 00 00 00 00 00 00 00 00 00   		RESB	0x7dfe-$		
       00007CD7 00 00 00 00 00 00 00 00 00 00 
       00007CE1 00 00 00 00 00 00 00 00 00 00 
       00007CEB 00 00 00 00 00 00 00 00 00 00 
       00007CF5 00 00 00 00 00 00 00 00 00 00 
       00007CFF 00 00 00 00 00 00 00 00 00 00 
       00007D09 00 00 00 00 00 00 00 00 00 00 
       00007D13 00 00 00 00 00 00 00 00 00 00 
       00007D1D 00 00 00 00 00 00 00 00 00 00 
       00007D27 00 00 00 00 00 00 00 00 00 00 
       00007D31 00 00 00 00 00 00 00 00 00 00 
       00007D3B 00 00 00 00 00 00 00 00 00 00 
       00007D45 00 00 00 00 00 00 00 00 00 00 
       00007D4F 00 00 00 00 00 00 00 00 00 00 
       00007D59 00 00 00 00 00 00 00 00 00 00 
       00007D63 00 00 00 00 00 00 00 00 00 00 
       00007D6D 00 00 00 00 00 00 00 00 00 00 
       00007D77 00 00 00 00 00 00 00 00 00 00 
       00007D81 00 00 00 00 00 00 00 00 00 00 
       00007D8B 00 00 00 00 00 00 00 00 00 00 
       00007D95 00 00 00 00 00 00 00 00 00 00 
       00007D9F 00 00 00 00 00 00 00 00 00 00 
       00007DA9 00 00 00 00 00 00 00 00 00 00 
       00007DB3 00 00 00 00 00 00 00 00 00 00 
       00007DBD 00 00 00 00 00 00 00 00 00 00 
       00007DC7 00 00 00 00 00 00 00 00 00 00 
       00007DD1 00 00 00 00 00 00 00 00 00 00 
       00007DDB 00 00 00 00 00 00 00 00 00 00 
       00007DE5 00 00 00 00 00 00 00 00 00 00 
       00007DEF 00 00 00 00 00 00 00 00 00 00 
       00007DF9 00 00 00 00 00 
    95 00007DFE                                 
    96 00007DFE 55 AA                           		DB		0x55, 0xaa
    97 00007E00                                 			
